0 info it worked if it ends with ok
1 verbose cli [ 'node', '/usr/local/bin/npm', 'uninstall', 'express' ]
2 info using npm@1.4.28
3 info using node@v0.10.32
4 verbose node_modules/express unbuild
5 info preuninstall express@4.12.4
6 info uninstall express@4.12.4
7 verbose true,/Users/tbdlabs/Documents/Meteor/node_modules,/Users/tbdlabs/Documents/Meteor/node_modules unbuild express@4.12.4
8 info postuninstall express@4.12.4
9 error Error: EACCES, unlink '/Users/tbdlabs/Documents/Meteor/node_modules/express/node_modules/send/node_modules/.bin/mime'
9 error  { [Error: EACCES, unlink '/Users/tbdlabs/Documents/Meteor/node_modules/express/node_modules/send/node_modules/.bin/mime']
9 error   errno: 3,
9 error   code: 'EACCES',
9 error   path: '/Users/tbdlabs/Documents/Meteor/node_modules/express/node_modules/send/node_modules/.bin/mime' }
10 error Please try running this command again as root/Administrator.
11 error System Darwin 13.3.0
12 error command "node" "/usr/local/bin/npm" "uninstall" "express"
13 error cwd /Users/tbdlabs/Documents/Meteor/launchtaffy
14 error node -v v0.10.32
15 error npm -v 1.4.28
16 error path /Users/tbdlabs/Documents/Meteor/node_modules/express/node_modules/send/node_modules/.bin/mime
17 error code EACCES
18 error errno 3
19 error stack Error: EACCES, unlink '/Users/tbdlabs/Documents/Meteor/node_modules/express/node_modules/send/node_modules/.bin/mime'
20 verbose exit [ 3, true ]
